<?xml version="1.0" encoding="UTF-8"?>
<!-- Generated by org.testng.reporters.JUnitXMLReporter -->
<testsuite ignored="1" hostname="DESKTOP-UJEM81M" failures="0" tests="2" name="Default test" time="18.193" errors="0" timestamp="2025-04-21T19:48:11 GMT+03:00">
  <testcase classname="codenboxautomationlab.codenboxautomationlab.AppTest" name="Dynamic_Dropdown" time="2.445"/>
  <testcase classname="codenboxautomationlab.codenboxautomationlab.AppTest" name="Static_Dropdown" time="0.283"/>
  <testcase classname="codenboxautomationlab.codenboxautomationlab.AppTest" name="RadioButton" time="0.0">
    <ignored/>
  </testcase> <!-- RadioButton -->
</testsuite> <!-- Default test -->
