<?xml version="1.0" encoding="UTF-8"?>
<testng-results ignored="1" total="3" passed="2" failed="0" skipped="0">
  <reporter-output>
  </reporter-output>
  <suite started-at="2025-04-21T19:47:52 GMT+03:00" name="Default suite" finished-at="2025-04-21T19:48:11 GMT+03:00" duration-ms="18193">
    <groups>
    </groups>
    <test started-at="2025-04-21T19:47:52 GMT+03:00" name="Default test" finished-at="2025-04-21T19:48:11 GMT+03:00" duration-ms="18193">
      <class name="codenboxautomationlab.codenboxautomationlab.AppTest">
        <test-method is-config="true" signature="mySetup()[pri:0, instance:codenboxautomationlab.codenboxautomationlab.AppTest@366c4480]" started-at="2025-04-21T19:47:53 GMT+03:00" name="mySetup" finished-at="2025-04-21T19:48:08 GMT+03:00" duration-ms="15357" status="PASS">
          <reporter-output>
          </reporter-output>
        </test-method> <!-- mySetup -->
        <test-method signature="Dynamic_Dropdown()[pri:2, instance:codenboxautomationlab.codenboxautomationlab.AppTest@366c4480]" started-at="2025-04-21T19:48:08 GMT+03:00" name="Dynamic_Dropdown" finished-at="2025-04-21T19:48:10 GMT+03:00" duration-ms="2445" status="PASS">
          <reporter-output>
          </reporter-output>
        </test-method> <!-- Dynamic_Dropdown -->
        <test-method signature="Static_Dropdown()[pri:3, instance:codenboxautomationlab.codenboxautomationlab.AppTest@366c4480]" started-at="2025-04-21T19:48:10 GMT+03:00" name="Static_Dropdown" finished-at="2025-04-21T19:48:11 GMT+03:00" duration-ms="283" status="PASS">
          <reporter-output>
          </reporter-output>
        </test-method> <!-- Static_Dropdown -->
      </class> <!-- codenboxautomationlab.codenboxautomationlab.AppTest -->
    </test> <!-- Default test -->
  </suite> <!-- Default suite -->
</testng-results>
